# JRE version: Java(TM) SE Runtime Environment (8.0_101-b13) (build 1.8.0_101-b13)
# Java VM: Java HotSpot(TM) Client VM (25.101-b13 mixed mode windows-x86 )
Heap:
 def new generation   total 5888K, used 4354K [0x03c00000, 0x04260000, 0x09150000)
  eden space 5248K,  82% used [0x03c00000, 0x0403e1f8, 0x04120000)
  from space 640K,   1% used [0x041c0000, 0x041c27f0, 0x04260000)
  to   space 640K,   0% used [0x04120000, 0x04120000, 0x041c0000)
 tenured generation   total 12948K, used 7767K [0x09150000, 0x09df5000, 0x13c00000)
   the space 12948K,  59% used [0x09150000, 0x098e5fe8, 0x098e6000, 0x09df5000)
 Metaspace       used 11709K, capacity 11916K, committed 12032K, reserved 12672K
GC Heap History (10 events):
Event: 28.426 GC heap before
{Heap before GC invocations=10 (full 0):
 def new generation   total 4928K, used 4437K [0x03c00000, 0x04150000, 0x09150000)
  eden space 4416K, 100% used [0x03c00000, 0x04050000, 0x04050000)
  from space 512K,   4% used [0x04050000, 0x04055680, 0x040d0000)
  to   space 512K,   0% used [0x040d0000, 0x040d0000, 0x04150000)
 tenured generation   total 10944K, used 8107K [0x09150000, 0x09c00000, 0x13c00000)
   the space 10944K,  74% used [0x09150000, 0x0993acc8, 0x0993ae00, 0x09c00000)
 Metaspace       used 11714K, capacity 11934K, committed 12032K, reserved 12672K
Event: 28.428 GC heap after
Heap after GC invocations=11 (full 0):
 def new generation   total 4928K, used 24K [0x03c00000, 0x04150000, 0x09150000)
  eden space 4416K,   0% used [0x03c00000, 0x03c00000, 0x04050000)
  from space 512K,   4% used [0x040d0000, 0x040d6278, 0x04150000)
  to   space 512K,   0% used [0x04050000, 0x04050000, 0x040d0000)
 tenured generation   total 10944K, used 8107K [0x09150000, 0x09c00000, 0x13c00000)
   the space 10944K,  74% used [0x09150000, 0x0993acc8, 0x0993ae00, 0x09c00000)
 Metaspace       used 11714K, capacity 11934K, committed 12032K, reserved 12672K
}
Event: 29.991 GC heap before
{Heap before GC invocations=11 (full 0):
 def new generation   total 4928K, used 3792K [0x03c00000, 0x04150000, 0x09150000)
  eden space 4416K,  85% used [0x03c00000, 0x03fadef0, 0x04050000)
  from space 512K,   4% used [0x040d0000, 0x040d6278, 0x04150000)
  to   space 512K,   0% used [0x04050000, 0x04050000, 0x040d0000)
 tenured generation   total 10944K, used 8107K [0x09150000, 0x09c00000, 0x13c00000)
   the space 10944K,  74% used [0x09150000, 0x0993acc8, 0x0993ae00, 0x09c00000)
 Metaspace       used 11714K, capacity 11934K, committed 12032K, reserved 12672K
Event: 29.995 GC heap after
Heap after GC invocations=12 (full 0):
 def new generation   total 4928K, used 32K [0x03c00000, 0x04150000, 0x09150000)
  eden space 4416K,   0% used [0x03c00000, 0x03c00000, 0x04050000)
  from space 512K,   6% used [0x04050000, 0x04058130, 0x040d0000)
  to   space 512K,   0% used [0x040d0000, 0x040d0000, 0x04150000)
 tenured generation   total 10944K, used 8756K [0x09150000, 0x09c00000, 0x13c00000)
   the space 10944K,  80% used [0x09150000, 0x099dd280, 0x099dd400, 0x09c00000)
 Metaspace       used 11714K, capacity 11934K, committed 12032K, reserved 12672K
}
Event: 31.257 GC heap before
{Heap before GC invocations=12 (full 0):
 def new generation   total 4928K, used 4448K [0x03c00000, 0x04150000, 0x09150000)
  eden space 4416K, 100% used [0x03c00000, 0x04050000, 0x04050000)
  from space 512K,   6% used [0x04050000, 0x04058130, 0x040d0000)
  to   space 512K,   0% used [0x040d0000, 0x040d0000, 0x04150000)
 tenured generation   total 10944K, used 8756K [0x09150000, 0x09c00000, 0x13c00000)
   the space 10944K,  80% used [0x09150000, 0x099dd280, 0x099dd400, 0x09c00000)
 Metaspace       used 11716K, capacity 11934K, committed 12032K, reserved 12672K
Event: 31.264 GC heap after
Heap after GC invocations=13 (full 0):
 def new generation   total 4928K, used 40K [0x03c00000, 0x04150000, 0x09150000)
  eden space 4416K,   0% used [0x03c00000, 0x03c00000, 0x04050000)
  from space 512K,   7% used [0x040d0000, 0x040da380, 0x04150000)
  to   space 512K,   0% used [0x04050000, 0x04050000, 0x040d0000)
 tenured generation   total 10944K, used 10055K [0x09150000, 0x09c00000, 0x13c00000)
   the space 10944K,  91% used [0x09150000, 0x09b21df0, 0x09b21e00, 0x09c00000)
 Metaspace       used 11716K, capacity 11934K, committed 12032K, reserved 12672K
}
Event: 32.638 GC heap before
{Heap before GC invocations=13 (full 0):
 def new generation   total 4928K, used 4456K [0x03c00000, 0x04150000, 0x09150000)
  eden space 4416K, 100% used [0x03c00000, 0x04050000, 0x04050000)
  from space 512K,   7% used [0x040d0000, 0x040da380, 0x04150000)
  to   space 512K,   0% used [0x04050000, 0x04050000, 0x040d0000)
 tenured generation   total 10944K, used 10055K [0x09150000, 0x09c00000, 0x13c00000)
   the space 10944K,  91% used [0x09150000, 0x09b21df0, 0x09b21e00, 0x09c00000)
 Metaspace       used 11716K, capacity 11934K, committed 12032K, reserved 12672K
Event: 32.676 GC heap after
Heap after GC invocations=14 (full 1):
 def new generation   total 5888K, used 0K [0x03c00000, 0x04260000, 0x09150000)
  eden space 5248K,   0% used [0x03c00000, 0x03c00000, 0x04120000)
  from space 640K,   0% used [0x04120000, 0x04120000, 0x041c0000)
  to   space 640K,   0% used [0x041c0000, 0x041c0000, 0x04260000)
 tenured generation   total 12948K, used 7767K [0x09150000, 0x09df5000, 0x13c00000)
   the space 12948K,  59% used [0x09150000, 0x098e5fe8, 0x098e6000, 0x09df5000)
 Metaspace       used 11708K, capacity 11916K, committed 12032K, reserved 12672K
}
Event: 35.447 GC heap before
{Heap before GC invocations=14 (full 1):
 def new generation   total 5888K, used 5248K [0x03c00000, 0x04260000, 0x09150000)
  eden space 5248K, 100% used [0x03c00000, 0x04120000, 0x04120000)
  from space 640K,   0% used [0x04120000, 0x04120000, 0x041c0000)
  to   space 640K,   0% used [0x041c0000, 0x041c0000, 0x04260000)
 tenured generation   total 12948K, used 7767K [0x09150000, 0x09df5000, 0x13c00000)
   the space 12948K,  59% used [0x09150000, 0x098e5fe8, 0x098e6000, 0x09df5000)
 Metaspace       used 11709K, capacity 11916K, committed 12032K, reserved 12672K
Event: 35.449 GC heap after
Heap after GC invocations=15 (full 1):
 def new generation   total 5888K, used 9K [0x03c00000, 0x04260000, 0x09150000)
  eden space 5248K,   0% used [0x03c00000, 0x03c00000, 0x04120000)
  from space 640K,   1% used [0x041c0000, 0x041c27f0, 0x04260000)
  to   space 640K,   0% used [0x04120000, 0x04120000, 0x041c0000)
 tenured generation   total 12948K, used 7767K [0x09150000, 0x09df5000, 0x13c00000)
   the space 12948K,  59% used [0x09150000, 0x098e5fe8, 0x098e6000, 0x09df5000)
 Metaspace       used 11709K, capacity 11916K, committed 12032K, reserved 12672K
}

