# JRE version: Java(TM) SE Runtime Environment (8.0_101-b13) (build 1.8.0_101-b13)
# Java VM: Java HotSpot(TM) Client VM (25.101-b13 mixed mode windows-x86 )
Heap:
 def new generation   total 4928K, used 2546K [0x03c00000, 0x04150000, 0x09150000)
  eden space 4416K,  55% used [0x03c00000, 0x03e60fb8, 0x04050000)
  from space 512K,  21% used [0x040d0000, 0x040ebac8, 0x04150000)
  to   space 512K,   0% used [0x04050000, 0x04050000, 0x040d0000)
 tenured generation   total 10944K, used 6941K [0x09150000, 0x09c00000, 0x13c00000)
   the space 10944K,  63% used [0x09150000, 0x09817680, 0x09817800, 0x09c00000)
 Metaspace       used 11523K, capacity 11710K, committed 11776K, reserved 12672K
GC Heap History (10 events):
Event: 1.809 GC heap before
{Heap before GC invocations=2 (full 0):
 def new generation   total 4928K, used 4663K [0x03c00000, 0x04150000, 0x09150000)
  eden space 4416K,  99% used [0x03c00000, 0x0404cbb0, 0x04050000)
  from space 512K,  50% used [0x04050000, 0x040912d0, 0x040d0000)
  to   space 512K,   0% used [0x040d0000, 0x040d0000, 0x04150000)
 tenured generation   total 10944K, used 3368K [0x09150000, 0x09c00000, 0x13c00000)
   the space 10944K,  30% used [0x09150000, 0x0949a260, 0x0949a400, 0x09c00000)
 Metaspace       used 8973K, capacity 9129K, committed 9216K, reserved 9600K
Event: 1.817 GC heap after
Heap after GC invocations=3 (full 0):
 def new generation   total 4928K, used 512K [0x03c00000, 0x04150000, 0x09150000)
  eden space 4416K,   0% used [0x03c00000, 0x03c00000, 0x04050000)
  from space 512K, 100% used [0x040d0000, 0x04150000, 0x04150000)
  to   space 512K,   0% used [0x04050000, 0x04050000, 0x040d0000)
 tenured generation   total 10944K, used 4321K [0x09150000, 0x09c00000, 0x13c00000)
   the space 10944K,  39% used [0x09150000, 0x095885e0, 0x09588600, 0x09c00000)
 Metaspace       used 8973K, capacity 9129K, committed 9216K, reserved 9600K
}
Event: 11.778 GC heap before
{Heap before GC invocations=3 (full 0):
 def new generation   total 4928K, used 4928K [0x03c00000, 0x04150000, 0x09150000)
  eden space 4416K, 100% used [0x03c00000, 0x04050000, 0x04050000)
  from space 512K, 100% used [0x040d0000, 0x04150000, 0x04150000)
  to   space 512K,   0% used [0x04050000, 0x04050000, 0x040d0000)
 tenured generation   total 10944K, used 4321K [0x09150000, 0x09c00000, 0x13c00000)
   the space 10944K,  39% used [0x09150000, 0x095885e0, 0x09588600, 0x09c00000)
 Metaspace       used 10719K, capacity 10904K, committed 11008K, reserved 11648K
Event: 11.787 GC heap after
Heap after GC invocations=4 (full 0):
 def new generation   total 4928K, used 512K [0x03c00000, 0x04150000, 0x09150000)
  eden space 4416K,   0% used [0x03c00000, 0x03c00000, 0x04050000)
  from space 512K, 100% used [0x04050000, 0x040d0000, 0x040d0000)
  to   space 512K,   0% used [0x040d0000, 0x040d0000, 0x04150000)
 tenured generation   total 10944K, used 5088K [0x09150000, 0x09c00000, 0x13c00000)
   the space 10944K,  46% used [0x09150000, 0x096482f0, 0x09648400, 0x09c00000)
 Metaspace       used 10719K, capacity 10904K, committed 11008K, reserved 11648K
}
Event: 14.388 GC heap before
{Heap before GC invocations=4 (full 0):
 def new generation   total 4928K, used 4928K [0x03c00000, 0x04150000, 0x09150000)
  eden space 4416K, 100% used [0x03c00000, 0x04050000, 0x04050000)
  from space 512K, 100% used [0x04050000, 0x040d0000, 0x040d0000)
  to   space 512K,   0% used [0x040d0000, 0x040d0000, 0x04150000)
 tenured generation   total 10944K, used 5088K [0x09150000, 0x09c00000, 0x13c00000)
   the space 10944K,  46% used [0x09150000, 0x096482f0, 0x09648400, 0x09c00000)
 Metaspace       used 11226K, capacity 11422K, committed 11520K, reserved 11648K
Event: 14.394 GC heap after
Heap after GC invocations=5 (full 0):
 def new generation   total 4928K, used 512K [0x03c00000, 0x04150000, 0x09150000)
  eden space 4416K,   0% used [0x03c00000, 0x03c00000, 0x04050000)
  from space 512K, 100% used [0x040d0000, 0x04150000, 0x04150000)
  to   space 512K,   0% used [0x04050000, 0x04050000, 0x040d0000)
 tenured generation   total 10944K, used 5871K [0x09150000, 0x09c00000, 0x13c00000)
   the space 10944K,  53% used [0x09150000, 0x0970be68, 0x0970c000, 0x09c00000)
 Metaspace       used 11226K, capacity 11422K, committed 11520K, reserved 11648K
}
Event: 18.677 GC heap before
{Heap before GC invocations=5 (full 0):
 def new generation   total 4928K, used 4928K [0x03c00000, 0x04150000, 0x09150000)
  eden space 4416K, 100% used [0x03c00000, 0x04050000, 0x04050000)
  from space 512K, 100% used [0x040d0000, 0x04150000, 0x04150000)
  to   space 512K,   0% used [0x04050000, 0x04050000, 0x040d0000)
 tenured generation   total 10944K, used 5871K [0x09150000, 0x09c00000, 0x13c00000)
   the space 10944K,  53% used [0x09150000, 0x0970be68, 0x0970c000, 0x09c00000)
 Metaspace       used 11522K, capacity 11710K, committed 11776K, reserved 12672K
Event: 18.681 GC heap after
Heap after GC invocations=6 (full 0):
 def new generation   total 4928K, used 214K [0x03c00000, 0x04150000, 0x09150000)
  eden space 4416K,   0% used [0x03c00000, 0x03c00000, 0x04050000)
  from space 512K,  41% used [0x04050000, 0x04085b28, 0x040d0000)
  to   space 512K,   0% used [0x040d0000, 0x040d0000, 0x04150000)
 tenured generation   total 10944K, used 6941K [0x09150000, 0x09c00000, 0x13c00000)
   the space 10944K,  63% used [0x09150000, 0x09817680, 0x09817800, 0x09c00000)
 Metaspace       used 11522K, capacity 11710K, committed 11776K, reserved 12672K
}
Event: 23.092 GC heap before
{Heap before GC invocations=6 (full 0):
 def new generation   total 4928K, used 4630K [0x03c00000, 0x04150000, 0x09150000)
  eden space 4416K, 100% used [0x03c00000, 0x04050000, 0x04050000)
  from space 512K,  41% used [0x04050000, 0x04085b28, 0x040d0000)
  to   space 512K,   0% used [0x040d0000, 0x040d0000, 0x04150000)
 tenured generation   total 10944K, used 6941K [0x09150000, 0x09c00000, 0x13c00000)
   the space 10944K,  63% used [0x09150000, 0x09817680, 0x09817800, 0x09c00000)
 Metaspace       used 11522K, capacity 11710K, committed 11776K, reserved 12672K
Event: 23.094 GC heap after
Heap after GC invocations=7 (full 0):
 def new generation   total 4928K, used 110K [0x03c00000, 0x04150000, 0x09150000)
  eden space 4416K,   0% used [0x03c00000, 0x03c00000, 0x04050000)
  from space 512K,  21% used [0x040d0000, 0x040ebac8, 0x04150000)
  to   space 512K,   0% used [0x04050000, 0x04050000, 0x040d0000)
 tenured generation   total 10944K, used 6941K [0x09150000, 0x09c00000, 0x13c00000)
   the space 10944K,  63% used [0x09150000, 0x09817680, 0x09817800, 0x09c00000)
 Metaspace       used 11522K, capacity 11710K, committed 11776K, reserved 12672K
}

