# JRE version: Java(TM) SE Runtime Environment (8.0_101-b13) (build 1.8.0_101-b13)
# Java VM: Java HotSpot(TM) Client VM (25.101-b13 mixed mode windows-x86 )
Heap:
 def new generation   total 4928K, used 2238K [0x03c00000, 0x04150000, 0x09150000)
  eden space 4416K,  39% used [0x03c00000, 0x03dafbb0, 0x04050000)
  from space 512K, 100% used [0x040d0000, 0x04150000, 0x04150000)
  to   space 512K,   0% used [0x04050000, 0x04050000, 0x040d0000)
 tenured generation   total 10944K, used 5877K [0x09150000, 0x09c00000, 0x13c00000)
   the space 10944K,  53% used [0x09150000, 0x0970d7b0, 0x0970d800, 0x09c00000)
 Metaspace       used 11265K, capacity 11486K, committed 11520K, reserved 11648K
GC Heap History (10 events):
Event: 1.513 GC heap before
{Heap before GC invocations=0 (full 0):
 def new generation   total 4928K, used 4139K [0x03c00000, 0x04150000, 0x09150000)
  eden space 4416K,  93% used [0x03c00000, 0x0400af30, 0x04050000)
  from space 512K,   0% used [0x04050000, 0x04050000, 0x040d0000)
  to   space 512K,   0% used [0x040d0000, 0x040d0000, 0x04150000)
 tenured generation   total 10944K, used 0K [0x09150000, 0x09c00000, 0x13c00000)
   the space 10944K,   0% used [0x09150000, 0x09150000, 0x09150200, 0x09c00000)
 Metaspace       used 6202K, capacity 6397K, committed 6400K, reserved 6528K
Event: 1.523 GC heap after
Heap after GC invocations=1 (full 0):
 def new generation   total 4928K, used 512K [0x03c00000, 0x04150000, 0x09150000)
  eden space 4416K,   0% used [0x03c00000, 0x03c00000, 0x04050000)
  from space 512K, 100% used [0x040d0000, 0x04150000, 0x04150000)
  to   space 512K,   0% used [0x04050000, 0x04050000, 0x040d0000)
 tenured generation   total 10944K, used 1153K [0x09150000, 0x09c00000, 0x13c00000)
   the space 10944K,  10% used [0x09150000, 0x092705e0, 0x09270600, 0x09c00000)
 Metaspace       used 6202K, capacity 6397K, committed 6400K, reserved 6528K
}
Event: 2.196 GC heap before
{Heap before GC invocations=1 (full 0):
 def new generation   total 4928K, used 4904K [0x03c00000, 0x04150000, 0x09150000)
  eden space 4416K,  99% used [0x03c00000, 0x0404a348, 0x04050000)
  from space 512K, 100% used [0x040d0000, 0x04150000, 0x04150000)
  to   space 512K,   0% used [0x04050000, 0x04050000, 0x040d0000)
 tenured generation   total 10944K, used 1153K [0x09150000, 0x09c00000, 0x13c00000)
   the space 10944K,  10% used [0x09150000, 0x092705e0, 0x09270600, 0x09c00000)
 Metaspace       used 7277K, capacity 7463K, committed 7552K, reserved 7552K
Event: 2.203 GC heap after
Heap after GC invocations=2 (full 0):
 def new generation   total 4928K, used 260K [0x03c00000, 0x04150000, 0x09150000)
  eden space 4416K,   0% used [0x03c00000, 0x03c00000, 0x04050000)
  from space 512K,  50% used [0x04050000, 0x040912b0, 0x040d0000)
  to   space 512K,   0% used [0x040d0000, 0x040d0000, 0x04150000)
 tenured generation   total 10944K, used 3368K [0x09150000, 0x09c00000, 0x13c00000)
   the space 10944K,  30% used [0x09150000, 0x0949a260, 0x0949a400, 0x09c00000)
 Metaspace       used 7277K, capacity 7463K, committed 7552K, reserved 7552K
}
Event: 2.954 GC heap before
{Heap before GC invocations=2 (full 0):
 def new generation   total 4928K, used 4659K [0x03c00000, 0x04150000, 0x09150000)
  eden space 4416K,  99% used [0x03c00000, 0x0404bba8, 0x04050000)
  from space 512K,  50% used [0x04050000, 0x040912b0, 0x040d0000)
  to   space 512K,   0% used [0x040d0000, 0x040d0000, 0x04150000)
 tenured generation   total 10944K, used 3368K [0x09150000, 0x09c00000, 0x13c00000)
   the space 10944K,  30% used [0x09150000, 0x0949a260, 0x0949a400, 0x09c00000)
 Metaspace       used 8975K, capacity 9129K, committed 9216K, reserved 9600K
Event: 2.961 GC heap after
Heap after GC invocations=3 (full 0):
 def new generation   total 4928K, used 512K [0x03c00000, 0x04150000, 0x09150000)
  eden space 4416K,   0% used [0x03c00000, 0x03c00000, 0x04050000)
  from space 512K, 100% used [0x040d0000, 0x04150000, 0x04150000)
  to   space 512K,   0% used [0x04050000, 0x04050000, 0x040d0000)
 tenured generation   total 10944K, used 4321K [0x09150000, 0x09c00000, 0x13c00000)
   the space 10944K,  39% used [0x09150000, 0x095885c0, 0x09588600, 0x09c00000)
 Metaspace       used 8975K, capacity 9129K, committed 9216K, reserved 9600K
}
Event: 11.332 GC heap before
{Heap before GC invocations=3 (full 0):
 def new generation   total 4928K, used 4928K [0x03c00000, 0x04150000, 0x09150000)
  eden space 4416K, 100% used [0x03c00000, 0x04050000, 0x04050000)
  from space 512K, 100% used [0x040d0000, 0x04150000, 0x04150000)
  to   space 512K,   0% used [0x04050000, 0x04050000, 0x040d0000)
 tenured generation   total 10944K, used 4321K [0x09150000, 0x09c00000, 0x13c00000)
   the space 10944K,  39% used [0x09150000, 0x095885c0, 0x09588600, 0x09c00000)
 Metaspace       used 10661K, capacity 10840K, committed 10880K, reserved 11648K
Event: 11.340 GC heap after
Heap after GC invocations=4 (full 0):
 def new generation   total 4928K, used 512K [0x03c00000, 0x04150000, 0x09150000)
  eden space 4416K,   0% used [0x03c00000, 0x03c00000, 0x04050000)
  from space 512K, 100% used [0x04050000, 0x040d0000, 0x040d0000)
  to   space 512K,   0% used [0x040d0000, 0x040d0000, 0x04150000)
 tenured generation   total 10944K, used 5068K [0x09150000, 0x09c00000, 0x13c00000)
   the space 10944K,  46% used [0x09150000, 0x09643288, 0x09643400, 0x09c00000)
 Metaspace       used 10661K, capacity 10840K, committed 10880K, reserved 11648K
}
Event: 16.039 GC heap before
{Heap before GC invocations=4 (full 0):
 def new generation   total 4928K, used 4928K [0x03c00000, 0x04150000, 0x09150000)
  eden space 4416K, 100% used [0x03c00000, 0x04050000, 0x04050000)
  from space 512K, 100% used [0x04050000, 0x040d0000, 0x040d0000)
  to   space 512K,   0% used [0x040d0000, 0x040d0000, 0x04150000)
 tenured generation   total 10944K, used 5068K [0x09150000, 0x09c00000, 0x13c00000)
   the space 10944K,  46% used [0x09150000, 0x09643288, 0x09643400, 0x09c00000)
 Metaspace       used 11249K, capacity 11454K, committed 11520K, reserved 11648K
Event: 16.045 GC heap after
Heap after GC invocations=5 (full 0):
 def new generation   total 4928K, used 512K [0x03c00000, 0x04150000, 0x09150000)
  eden space 4416K,   0% used [0x03c00000, 0x03c00000, 0x04050000)
  from space 512K, 100% used [0x040d0000, 0x04150000, 0x04150000)
  to   space 512K,   0% used [0x04050000, 0x04050000, 0x040d0000)
 tenured generation   total 10944K, used 5877K [0x09150000, 0x09c00000, 0x13c00000)
   the space 10944K,  53% used [0x09150000, 0x0970d7b0, 0x0970d800, 0x09c00000)
 Metaspace       used 11249K, capacity 11454K, committed 11520K, reserved 11648K
}

