# JRE version: Java(TM) SE Runtime Environment (8.0_101-b13) (build 1.8.0_101-b13)
# Java VM: Java HotSpot(TM) Client VM (25.101-b13 mixed mode windows-x86 )
Heap:
 def new generation   total 4928K, used 2395K [0x03c00000, 0x04150000, 0x09150000)
  eden space 4416K,  53% used [0x03c00000, 0x03e4eff0, 0x04050000)
  from space 512K,   6% used [0x040d0000, 0x040d7fe0, 0x04150000)
  to   space 512K,   0% used [0x04050000, 0x04050000, 0x040d0000)
 tenured generation   total 10944K, used 6640K [0x09150000, 0x09c00000, 0x13c00000)
   the space 10944K,  60% used [0x09150000, 0x097cc070, 0x097cc200, 0x09c00000)
 Metaspace       used 11533K, capacity 11742K, committed 11776K, reserved 12672K
GC Heap History (10 events):
Event: 28.912 GC heap before
{Heap before GC invocations=6 (full 0):
 def new generation   total 4928K, used 4928K [0x03c00000, 0x04150000, 0x09150000)
  eden space 4416K, 100% used [0x03c00000, 0x04050000, 0x04050000)
  from space 512K, 100% used [0x04050000, 0x040d0000, 0x040d0000)
  to   space 512K,   0% used [0x040d0000, 0x040d0000, 0x04150000)
 tenured generation   total 10944K, used 6207K [0x09150000, 0x09c00000, 0x13c00000)
   the space 10944K,  56% used [0x09150000, 0x0975fd68, 0x0975fe00, 0x09c00000)
 Metaspace       used 11532K, capacity 11742K, committed 11776K, reserved 12672K
Event: 28.916 GC heap after
Heap after GC invocations=7 (full 0):
 def new generation   total 4928K, used 14K [0x03c00000, 0x04150000, 0x09150000)
  eden space 4416K,   0% used [0x03c00000, 0x03c00000, 0x04050000)
  from space 512K,   2% used [0x040d0000, 0x040d38a8, 0x04150000)
  to   space 512K,   0% used [0x04050000, 0x04050000, 0x040d0000)
 tenured generation   total 10944K, used 6640K [0x09150000, 0x09c00000, 0x13c00000)
   the space 10944K,  60% used [0x09150000, 0x097cc070, 0x097cc200, 0x09c00000)
 Metaspace       used 11532K, capacity 11742K, committed 11776K, reserved 12672K
}
Event: 34.723 GC heap before
{Heap before GC invocations=7 (full 0):
 def new generation   total 4928K, used 4430K [0x03c00000, 0x04150000, 0x09150000)
  eden space 4416K, 100% used [0x03c00000, 0x04050000, 0x04050000)
  from space 512K,   2% used [0x040d0000, 0x040d38a8, 0x04150000)
  to   space 512K,   0% used [0x04050000, 0x04050000, 0x040d0000)
 tenured generation   total 10944K, used 6640K [0x09150000, 0x09c00000, 0x13c00000)
   the space 10944K,  60% used [0x09150000, 0x097cc070, 0x097cc200, 0x09c00000)
 Metaspace       used 11532K, capacity 11742K, committed 11776K, reserved 12672K
Event: 34.725 GC heap after
Heap after GC invocations=8 (full 0):
 def new generation   total 4928K, used 18K [0x03c00000, 0x04150000, 0x09150000)
  eden space 4416K,   0% used [0x03c00000, 0x03c00000, 0x04050000)
  from space 512K,   3% used [0x04050000, 0x04054af0, 0x040d0000)
  to   space 512K,   0% used [0x040d0000, 0x040d0000, 0x04150000)
 tenured generation   total 10944K, used 6640K [0x09150000, 0x09c00000, 0x13c00000)
   the space 10944K,  60% used [0x09150000, 0x097cc070, 0x097cc200, 0x09c00000)
 Metaspace       used 11532K, capacity 11742K, committed 11776K, reserved 12672K
}
Event: 40.771 GC heap before
{Heap before GC invocations=8 (full 0):
 def new generation   total 4928K, used 4434K [0x03c00000, 0x04150000, 0x09150000)
  eden space 4416K, 100% used [0x03c00000, 0x04050000, 0x04050000)
  from space 512K,   3% used [0x04050000, 0x04054af0, 0x040d0000)
  to   space 512K,   0% used [0x040d0000, 0x040d0000, 0x04150000)
 tenured generation   total 10944K, used 6640K [0x09150000, 0x09c00000, 0x13c00000)
   the space 10944K,  60% used [0x09150000, 0x097cc070, 0x097cc200, 0x09c00000)
 Metaspace       used 11532K, capacity 11742K, committed 11776K, reserved 12672K
Event: 40.776 GC heap after
Heap after GC invocations=9 (full 0):
 def new generation   total 4928K, used 27K [0x03c00000, 0x04150000, 0x09150000)
  eden space 4416K,   0% used [0x03c00000, 0x03c00000, 0x04050000)
  from space 512K,   5% used [0x040d0000, 0x040d6ed0, 0x04150000)
  to   space 512K,   0% used [0x04050000, 0x04050000, 0x040d0000)
 tenured generation   total 10944K, used 6640K [0x09150000, 0x09c00000, 0x13c00000)
   the space 10944K,  60% used [0x09150000, 0x097cc070, 0x097cc200, 0x09c00000)
 Metaspace       used 11532K, capacity 11742K, committed 11776K, reserved 12672K
}
Event: 47.378 GC heap before
{Heap before GC invocations=9 (full 0):
 def new generation   total 4928K, used 4443K [0x03c00000, 0x04150000, 0x09150000)
  eden space 4416K, 100% used [0x03c00000, 0x04050000, 0x04050000)
  from space 512K,   5% used [0x040d0000, 0x040d6ed0, 0x04150000)
  to   space 512K,   0% used [0x04050000, 0x04050000, 0x040d0000)
 tenured generation   total 10944K, used 6640K [0x09150000, 0x09c00000, 0x13c00000)
   the space 10944K,  60% used [0x09150000, 0x097cc070, 0x097cc200, 0x09c00000)
 Metaspace       used 11532K, capacity 11742K, committed 11776K, reserved 12672K
Event: 47.380 GC heap after
Heap after GC invocations=10 (full 0):
 def new generation   total 4928K, used 31K [0x03c00000, 0x04150000, 0x09150000)
  eden space 4416K,   0% used [0x03c00000, 0x03c00000, 0x04050000)
  from space 512K,   6% used [0x04050000, 0x04057fa0, 0x040d0000)
  to   space 512K,   0% used [0x040d0000, 0x040d0000, 0x04150000)
 tenured generation   total 10944K, used 6640K [0x09150000, 0x09c00000, 0x13c00000)
   the space 10944K,  60% used [0x09150000, 0x097cc070, 0x097cc200, 0x09c00000)
 Metaspace       used 11532K, capacity 11742K, committed 11776K, reserved 12672K
}
Event: 53.802 GC heap before
{Heap before GC invocations=10 (full 0):
 def new generation   total 4928K, used 4447K [0x03c00000, 0x04150000, 0x09150000)
  eden space 4416K, 100% used [0x03c00000, 0x04050000, 0x04050000)
  from space 512K,   6% used [0x04050000, 0x04057fa0, 0x040d0000)
  to   space 512K,   0% used [0x040d0000, 0x040d0000, 0x04150000)
 tenured generation   total 10944K, used 6640K [0x09150000, 0x09c00000, 0x13c00000)
   the space 10944K,  60% used [0x09150000, 0x097cc070, 0x097cc200, 0x09c00000)
 Metaspace       used 11532K, capacity 11742K, committed 11776K, reserved 12672K
Event: 53.804 GC heap after
Heap after GC invocations=11 (full 0):
 def new generation   total 4928K, used 31K [0x03c00000, 0x04150000, 0x09150000)
  eden space 4416K,   0% used [0x03c00000, 0x03c00000, 0x04050000)
  from space 512K,   6% used [0x040d0000, 0x040d7fe0, 0x04150000)
  to   space 512K,   0% used [0x04050000, 0x04050000, 0x040d0000)
 tenured generation   total 10944K, used 6640K [0x09150000, 0x09c00000, 0x13c00000)
   the space 10944K,  60% used [0x09150000, 0x097cc070, 0x097cc200, 0x09c00000)
 Metaspace       used 11532K, capacity 11742K, committed 11776K, reserved 12672K
}

