# JRE version: Java(TM) SE Runtime Environment (8.0_101-b13) (build 1.8.0_101-b13)
# Java VM: Java HotSpot(TM) Client VM (25.101-b13 mixed mode windows-x86 )
Heap:
 def new generation   total 4928K, used 3026K [0x03e00000, 0x04350000, 0x09350000)
  eden space 4416K,  66% used [0x03e00000, 0x040dbab0, 0x04250000)
  from space 512K,  19% used [0x042d0000, 0x042e9020, 0x04350000)
  to   space 512K,   0% used [0x04250000, 0x04250000, 0x042d0000)
 tenured generation   total 10944K, used 8564K [0x09350000, 0x09e00000, 0x13e00000)
   the space 10944K,  78% used [0x09350000, 0x09bad260, 0x09bad400, 0x09e00000)
 Metaspace       used 11530K, capacity 11742K, committed 11776K, reserved 12672K
GC Heap History (10 events):
Event: 31.453 GC heap before
{Heap before GC invocations=14 (full 0):
 def new generation   total 4928K, used 4506K [0x03e00000, 0x04350000, 0x09350000)
  eden space 4416K,  99% used [0x03e00000, 0x0424fac0, 0x04250000)
  from space 512K,  17% used [0x04250000, 0x04266fd0, 0x042d0000)
  to   space 512K,   0% used [0x042d0000, 0x042d0000, 0x04350000)
 tenured generation   total 10944K, used 8564K [0x09350000, 0x09e00000, 0x13e00000)
   the space 10944K,  78% used [0x09350000, 0x09bad260, 0x09bad400, 0x09e00000)
 Metaspace       used 11528K, capacity 11742K, committed 11776K, reserved 12672K
Event: 31.455 GC heap after
Heap after GC invocations=15 (full 0):
 def new generation   total 4928K, used 97K [0x03e00000, 0x04350000, 0x09350000)
  eden space 4416K,   0% used [0x03e00000, 0x03e00000, 0x04250000)
  from space 512K,  19% used [0x042d0000, 0x042e85c8, 0x04350000)
  to   space 512K,   0% used [0x04250000, 0x04250000, 0x042d0000)
 tenured generation   total 10944K, used 8564K [0x09350000, 0x09e00000, 0x13e00000)
   the space 10944K,  78% used [0x09350000, 0x09bad260, 0x09bad400, 0x09e00000)
 Metaspace       used 11528K, capacity 11742K, committed 11776K, reserved 12672K
}
Event: 33.461 GC heap before
{Heap before GC invocations=15 (full 0):
 def new generation   total 4928K, used 4513K [0x03e00000, 0x04350000, 0x09350000)
  eden space 4416K, 100% used [0x03e00000, 0x04250000, 0x04250000)
  from space 512K,  19% used [0x042d0000, 0x042e85c8, 0x04350000)
  to   space 512K,   0% used [0x04250000, 0x04250000, 0x042d0000)
 tenured generation   total 10944K, used 8564K [0x09350000, 0x09e00000, 0x13e00000)
   the space 10944K,  78% used [0x09350000, 0x09bad260, 0x09bad400, 0x09e00000)
 Metaspace       used 11528K, capacity 11742K, committed 11776K, reserved 12672K
Event: 33.463 GC heap after
Heap after GC invocations=16 (full 0):
 def new generation   total 4928K, used 96K [0x03e00000, 0x04350000, 0x09350000)
  eden space 4416K,   0% used [0x03e00000, 0x03e00000, 0x04250000)
  from space 512K,  18% used [0x04250000, 0x04268388, 0x042d0000)
  to   space 512K,   0% used [0x042d0000, 0x042d0000, 0x04350000)
 tenured generation   total 10944K, used 8564K [0x09350000, 0x09e00000, 0x13e00000)
   the space 10944K,  78% used [0x09350000, 0x09bad260, 0x09bad400, 0x09e00000)
 Metaspace       used 11528K, capacity 11742K, committed 11776K, reserved 12672K
}
Event: 35.484 GC heap before
{Heap before GC invocations=16 (full 0):
 def new generation   total 4928K, used 4512K [0x03e00000, 0x04350000, 0x09350000)
  eden space 4416K, 100% used [0x03e00000, 0x04250000, 0x04250000)
  from space 512K,  18% used [0x04250000, 0x04268388, 0x042d0000)
  to   space 512K,   0% used [0x042d0000, 0x042d0000, 0x04350000)
 tenured generation   total 10944K, used 8564K [0x09350000, 0x09e00000, 0x13e00000)
   the space 10944K,  78% used [0x09350000, 0x09bad260, 0x09bad400, 0x09e00000)
 Metaspace       used 11528K, capacity 11742K, committed 11776K, reserved 12672K
Event: 35.486 GC heap after
Heap after GC invocations=17 (full 0):
 def new generation   total 4928K, used 96K [0x03e00000, 0x04350000, 0x09350000)
  eden space 4416K,   0% used [0x03e00000, 0x03e00000, 0x04250000)
  from space 512K,  18% used [0x042d0000, 0x042e80e0, 0x04350000)
  to   space 512K,   0% used [0x04250000, 0x04250000, 0x042d0000)
 tenured generation   total 10944K, used 8564K [0x09350000, 0x09e00000, 0x13e00000)
   the space 10944K,  78% used [0x09350000, 0x09bad260, 0x09bad400, 0x09e00000)
 Metaspace       used 11528K, capacity 11742K, committed 11776K, reserved 12672K
}
Event: 37.659 GC heap before
{Heap before GC invocations=17 (full 0):
 def new generation   total 4928K, used 4512K [0x03e00000, 0x04350000, 0x09350000)
  eden space 4416K, 100% used [0x03e00000, 0x04250000, 0x04250000)
  from space 512K,  18% used [0x042d0000, 0x042e80e0, 0x04350000)
  to   space 512K,   0% used [0x04250000, 0x04250000, 0x042d0000)
 tenured generation   total 10944K, used 8564K [0x09350000, 0x09e00000, 0x13e00000)
   the space 10944K,  78% used [0x09350000, 0x09bad260, 0x09bad400, 0x09e00000)
 Metaspace       used 11528K, capacity 11742K, committed 11776K, reserved 12672K
Event: 37.661 GC heap after
Heap after GC invocations=18 (full 0):
 def new generation   total 4928K, used 94K [0x03e00000, 0x04350000, 0x09350000)
  eden space 4416K,   0% used [0x03e00000, 0x03e00000, 0x04250000)
  from space 512K,  18% used [0x04250000, 0x04267b58, 0x042d0000)
  to   space 512K,   0% used [0x042d0000, 0x042d0000, 0x04350000)
 tenured generation   total 10944K, used 8564K [0x09350000, 0x09e00000, 0x13e00000)
   the space 10944K,  78% used [0x09350000, 0x09bad260, 0x09bad400, 0x09e00000)
 Metaspace       used 11528K, capacity 11742K, committed 11776K, reserved 12672K
}
Event: 39.666 GC heap before
{Heap before GC invocations=18 (full 0):
 def new generation   total 4928K, used 4510K [0x03e00000, 0x04350000, 0x09350000)
  eden space 4416K, 100% used [0x03e00000, 0x04250000, 0x04250000)
  from space 512K,  18% used [0x04250000, 0x04267b58, 0x042d0000)
  to   space 512K,   0% used [0x042d0000, 0x042d0000, 0x04350000)
 tenured generation   total 10944K, used 8564K [0x09350000, 0x09e00000, 0x13e00000)
   the space 10944K,  78% used [0x09350000, 0x09bad260, 0x09bad400, 0x09e00000)
 Metaspace       used 11528K, capacity 11742K, committed 11776K, reserved 12672K
Event: 39.669 GC heap after
Heap after GC invocations=19 (full 0):
 def new generation   total 4928K, used 100K [0x03e00000, 0x04350000, 0x09350000)
  eden space 4416K,   0% used [0x03e00000, 0x03e00000, 0x04250000)
  from space 512K,  19% used [0x042d0000, 0x042e9020, 0x04350000)
  to   space 512K,   0% used [0x04250000, 0x04250000, 0x042d0000)
 tenured generation   total 10944K, used 8564K [0x09350000, 0x09e00000, 0x13e00000)
   the space 10944K,  78% used [0x09350000, 0x09bad260, 0x09bad400, 0x09e00000)
 Metaspace       used 11528K, capacity 11742K, committed 11776K, reserved 12672K
}

